0 info it worked if it ends with ok
1 verbose cli [ '/home/bordun/.nvm/versions/node/v6.9.1/bin/node',
1 verbose cli   '/home/bordun/.nvm/versions/node/v6.9.1/bin/npm',
1 verbose cli   'run',
1 verbose cli   'build-js',
1 verbose cli   '--',
1 verbose cli   '--fast' ]
2 info using npm@3.10.8
3 info using node@v6.9.1
4 verbose run-script [ 'prebuild-js', 'build-js', 'postbuild-js' ]
5 info lifecycle open-stage-control-builder@0.21.1~prebuild-js: open-stage-control-builder@0.21.1
6 silly lifecycle open-stage-control-builder@0.21.1~prebuild-js: no script for prebuild-js, continuing
7 info lifecycle open-stage-control-builder@0.21.1~build-js: open-stage-control-builder@0.21.1
8 verbose lifecycle open-stage-control-builder@0.21.1~build-js: unsafe-perm in lifecycle true
9 verbose lifecycle open-stage-control-builder@0.21.1~build-js: PATH: /home/bordun/.nvm/versions/node/v6.9.1/lib/node_modules/npm/bin/node-gyp-bin:/home/bordun/Ammd/open-stage-control/node_modules/.bin:/home/bordun/.yarn/bin:/home/bordun/.nvm/versions/node/v6.9.1/bin:/usr/local/bin:/usr/bin:/bin:/usr/local/games:/usr/games
10 verbose lifecycle open-stage-control-builder@0.21.1~build-js: CWD: /home/bordun/Ammd/open-stage-control
11 silly lifecycle open-stage-control-builder@0.21.1~build-js: Args: [ '-c',
11 silly lifecycle   'node scripts/build-js.js > app/browser/scripts.js "--fast"' ]
12 silly lifecycle open-stage-control-builder@0.21.1~build-js: Returned: code: 1  signal: null
13 info lifecycle open-stage-control-builder@0.21.1~build-js: Failed to exec build-js script
14 verbose stack Error: open-stage-control-builder@0.21.1 build-js: `node scripts/build-js.js > app/browser/scripts.js "--fast"`
14 verbose stack Exit status 1
14 verbose stack     at EventEmitter.<anonymous> (/home/bordun/.nvm/versions/node/v6.9.1/lib/node_modules/npm/lib/utils/lifecycle.js:255:16)
14 verbose stack     at emitTwo (events.js:106:13)
14 verbose stack     at EventEmitter.emit (events.js:191:7)
14 verbose stack     at ChildProcess.<anonymous> (/home/bordun/.nvm/versions/node/v6.9.1/lib/node_modules/npm/lib/utils/spawn.js:40:14)
14 verbose stack     at emitTwo (events.js:106:13)
14 verbose stack     at ChildProcess.emit (events.js:191:7)
14 verbose stack     at maybeClose (internal/child_process.js:877:16)
14 verbose stack     at Process.ChildProcess._handle.onexit (internal/child_process.js:226:5)
15 verbose pkgid open-stage-control-builder@0.21.1
16 verbose cwd /home/bordun/Ammd/open-stage-control/src/browser/js
17 error Linux 4.13.0-1-686-pae
18 error argv "/home/bordun/.nvm/versions/node/v6.9.1/bin/node" "/home/bordun/.nvm/versions/node/v6.9.1/bin/npm" "run" "build-js" "--" "--fast"
19 error node v6.9.1
20 error npm  v3.10.8
21 error code ELIFECYCLE
22 error open-stage-control-builder@0.21.1 build-js: `node scripts/build-js.js > app/browser/scripts.js "--fast"`
22 error Exit status 1
23 error Failed at the open-stage-control-builder@0.21.1 build-js script 'node scripts/build-js.js > app/browser/scripts.js "--fast"'.
23 error Make sure you have the latest version of node.js and npm installed.
23 error If you do, this is most likely a problem with the open-stage-control-builder package,
23 error not with npm itself.
23 error Tell the author that this fails on your system:
23 error     node scripts/build-js.js > app/browser/scripts.js "--fast"
23 error You can get information on how to open an issue for this project with:
23 error     npm bugs open-stage-control-builder
23 error Or if that isn't available, you can get their info via:
23 error     npm owner ls open-stage-control-builder
23 error There is likely additional logging output above.
24 verbose exit [ 1, true ]
